<?xml version="1.0" encoding="UTF-8"?>
<!-- Generated by org.testng.reporters.JUnitReportReporter -->
<testsuite hostname="DESKTOP-EQ55Q8H" failures="0" tests="1" name="com.org.testcases.TestCase1_Login" time="7.872" errors="0" timestamp="21 Nov 2023 12:33:43 GMT" skipped="0">
  <testcase classname="com.org.testcases.TestCase1_Login" name="testCase1" time="7.872"/>
</testsuite> <!-- com.org.testcases.TestCase1_Login -->
