<?xml version="1.0" encoding="UTF-8"?>
<!-- Generated by org.testng.reporters.JUnitReportReporter -->
<testsuite hostname="DESKTOP-EQ55Q8H" failures="0" tests="1" name="com.org.loginfeature.TestCase1_Login" time="7.196" errors="0" timestamp="27 Nov 2023 03:50:26 GMT" skipped="0">
  <testcase classname="com.org.loginfeature.TestCase1_Login" name="testCase1" time="7.196"/>
</testsuite> <!-- com.org.loginfeature.TestCase1_Login -->
