<?xml version="1.0" encoding="UTF-8"?>
<!-- Generated by org.testng.reporters.JUnitReportReporter -->
<testsuite hostname="DESKTOP-EQ55Q8H" failures="0" tests="1" name="com.org.testcases.TestCase3_Login" time="13.645" errors="0" timestamp="21 Nov 2023 13:09:19 GMT" skipped="0">
  <testcase classname="com.org.testcases.TestCase3_Login" name="testCase3" time="13.645"/>
</testsuite> <!-- com.org.testcases.TestCase3_Login -->
