<?xml version="1.0" encoding="UTF-8"?>
<!-- Generated by org.testng.reporters.JUnitReportReporter -->
<testsuite hostname="DESKTOP-EQ55Q8H" failures="0" tests="1" name="com.org.testcases.TestCase3_SignUp" time="14.117" errors="0" timestamp="22 Nov 2023 03:33:34 GMT" skipped="0">
  <testcase classname="com.org.testcases.TestCase3_SignUp" name="testCase3" time="14.117"/>
</testsuite> <!-- com.org.testcases.TestCase3_SignUp -->
