<?xml version="1.0" encoding="UTF-8"?>
<!-- Generated by org.testng.reporters.JUnitReportReporter -->
<testsuite hostname="DESKTOP-EQ55Q8H" failures="0" tests="1" name="com.org.loginfeature.TestCase3_SignUp" time="5.786" errors="0" timestamp="26 Nov 2023 08:13:23 GMT" skipped="0">
  <testcase classname="com.org.loginfeature.TestCase3_SignUp" name="testCase3" time="5.786"/>
</testsuite> <!-- com.org.loginfeature.TestCase3_SignUp -->
