<?xml version="1.0" encoding="UTF-8"?>
<!-- Generated by org.testng.reporters.JUnitReportReporter -->
<testsuite hostname="DESKTOP-EQ55Q8H" failures="0" tests="1" name="com.org.loginfeature.TestCase4_SignUp" time="15.869" errors="0" timestamp="27 Nov 2023 11:54:24 GMT" skipped="0">
  <testcase classname="com.org.loginfeature.TestCase4_SignUp" name="testCase4" time="15.869"/>
</testsuite> <!-- com.org.loginfeature.TestCase4_SignUp -->
