<?xml version="1.0" encoding="UTF-8"?>
<!-- Generated by org.testng.reporters.JUnitReportReporter -->
<testsuite hostname="DESKTOP-EQ55Q8H" failures="0" tests="1" name="com.org.testcases.TestCase2_Login" time="10.243" errors="0" timestamp="22 Nov 2023 03:43:56 GMT" skipped="0">
  <testcase classname="com.org.testcases.TestCase2_Login" name="testCase2" time="10.243"/>
</testsuite> <!-- com.org.testcases.TestCase2_Login -->
