<?xml version="1.0" encoding="UTF-8"?>
<!-- Generated by org.testng.reporters.JUnitReportReporter -->
<testsuite hostname="DESKTOP-EQ55Q8H" failures="0" tests="1" name="com.org.testcases.TestCase4_SignUp" time="13.275" errors="0" timestamp="21 Nov 2023 13:24:41 GMT" skipped="0">
  <testcase classname="com.org.testcases.TestCase4_SignUp" name="testCase4" time="13.275"/>
</testsuite> <!-- com.org.testcases.TestCase4_SignUp -->
